{"/Users/GVL02253/workspace/Generali/APIManagement/app/i18n/en.ts": {"path":"/Users/GVL02253/workspace/Generali/APIManagement/app/i18n/en.ts","statementMap":{"0":{"start":{"line":1,"column":11},"end":{"line":72,"column":null}},"1":{"start":{"line":74,"column":0},"end":{"line":74,"column":null}}},"fnMap":{},"branchMap":{},"s":{"0":1,"1":1},"f":{},"b":{}}
,"/Users/GVL02253/workspace/Generali/APIManagement/app/services/api/apiProblem.ts": {"path":"/Users/GVL02253/workspace/Generali/APIManagement/app/services/api/apiProblem.ts","statementMap":{"0":{"start":{"line":47,"column":2},"end":{"line":71,"column":null}},"1":{"start":{"line":49,"column":6},"end":{"line":49,"column":null}},"2":{"start":{"line":51,"column":6},"end":{"line":51,"column":null}},"3":{"start":{"line":53,"column":6},"end":{"line":53,"column":null}},"4":{"start":{"line":55,"column":6},"end":{"line":55,"column":null}},"5":{"start":{"line":57,"column":6},"end":{"line":57,"column":null}},"6":{"start":{"line":59,"column":6},"end":{"line":68,"column":null}},"7":{"start":{"line":61,"column":10},"end":{"line":61,"column":null}},"8":{"start":{"line":63,"column":10},"end":{"line":63,"column":null}},"9":{"start":{"line":65,"column":10},"end":{"line":65,"column":null}},"10":{"start":{"line":67,"column":10},"end":{"line":67,"column":null}},"11":{"start":{"line":70,"column":6},"end":{"line":70,"column":null}},"12":{"start":{"line":73,"column":2},"end":{"line":73,"column":null}},"13":{"start":{"line":46,"column":0},"end":{"line":46,"column":16}}},"fnMap":{"0":{"name":"getGeneralApiProblem","decl":{"start":{"line":46,"column":16},"end":{"line":46,"column":36}},"loc":{"start":{"line":46,"column":63},"end":{"line":74,"column":1}}}},"branchMap":{"0":{"loc":{"start":{"line":47,"column":2},"end":{"line":71,"column":null}},"type":"switch","locations":[{"start":{"line":48,"column":4},"end":{"line":49,"column":null}},{"start":{"line":50,"column":4},"end":{"line":51,"column":null}},{"start":{"line":52,"column":4},"end":{"line":53,"column":null}},{"start":{"line":54,"column":4},"end":{"line":55,"column":null}},{"start":{"line":56,"column":4},"end":{"line":57,"column":null}},{"start":{"line":58,"column":4},"end":{"line":68,"column":null}},{"start":{"line":69,"column":4},"end":{"line":70,"column":null}}]},"1":{"loc":{"start":{"line":59,"column":6},"end":{"line":68,"column":null}},"type":"switch","locations":[{"start":{"line":60,"column":8},"end":{"line":61,"column":null}},{"start":{"line":62,"column":8},"end":{"line":63,"column":null}},{"start":{"line":64,"column":8},"end":{"line":65,"column":null}},{"start":{"line":66,"column":8},"end":{"line":67,"column":null}}]}},"s":{"0":10,"1":1,"2":1,"3":1,"4":1,"5":1,"6":4,"7":1,"8":1,"9":1,"10":1,"11":1,"12":0,"13":1},"f":{"0":10},"b":{"0":[1,1,1,1,1,4,1],"1":[1,1,1,1]}}
,"/Users/GVL02253/workspace/Generali/APIManagement/test/mockFile.ts": {"path":"/Users/GVL02253/workspace/Generali/APIManagement/test/mockFile.ts","statementMap":{"0":{"start":{"line":1,"column":0},"end":{"line":6,"column":null}}},"fnMap":{},"branchMap":{},"s":{"0":3},"f":{},"b":{}}
}
