TN:
SF:app/i18n/en.ts
FNF:0
FNH:0
DA:1,1
DA:74,1
LF:2
LH:2
BRF:0
BRH:0
end_of_record
TN:
SF:app/services/api/apiProblem.ts
FN:46,getGeneralApiProblem
FNF:1
FNH:1
FNDA:10,getGeneralApiProblem
DA:46,1
DA:47,10
DA:49,1
DA:51,1
DA:53,1
DA:55,1
DA:57,1
DA:59,4
DA:61,1
DA:63,1
DA:65,1
DA:67,1
DA:70,1
DA:73,0
LF:14
LH:13
BRDA:47,0,0,1
BRDA:47,0,1,1
BRDA:47,0,2,1
BRDA:47,0,3,1
BRDA:47,0,4,1
BRDA:47,0,5,4
BRDA:47,0,6,1
BRDA:59,1,0,1
BRDA:59,1,1,1
BRDA:59,1,2,1
BRDA:59,1,3,1
BRF:11
BRH:11
end_of_record
TN:
SF:test/mockFile.ts
FNF:0
FNH:0
DA:1,3
LF:1
LH:1
BRF:0
BRH:0
end_of_record
